<?xml version="1.0" encoding="UTF-8"?>
<testsuite name="LocationsTest" tests="1" skipped="0" failures="0" errors="0" timestamp="2016-04-26T16:59:16" hostname="Jacobs-MacBook-Pro.local" time="0.0">
  <properties/>
  <testcase name="Locations_instantiatesCorrectly_true" classname="LocationsTest" time="0.0"/>
  <system-out><![CDATA[]]></system-out>
  <system-err><![CDATA[]]></system-err>
</testsuite>
